Mon Jun 04 2018 16:16:22 GMT+0530 (IST): GET /
Mon Jun 04 2018 16:16:23 GMT+0530 (IST): GET /about
Mon Jun 04 2018 16:16:24 GMT+0530 (IST): GET /
Mon Jun 04 2018 16:19:50 GMT+0530 (IST): GET /
Mon Jun 04 2018 16:19:51 GMT+0530 (IST): GET /
Mon Jun 04 2018 16:20:06 GMT+0530 (IST): GET /
Mon Jun 04 2018 16:20:07 GMT+0530 (IST): GET /
Mon Jun 04 2018 16:20:59 GMT+0530 (IST): GET /
Mon Jun 04 2018 16:21:04 GMT+0530 (IST): GET /help.html
Mon Jun 04 2018 16:21:04 GMT+0530 (IST): GET /robots.txt
Mon Jun 04 2018 16:21:29 GMT+0530 (IST): GET /help.html
Mon Jun 04 2018 16:21:34 GMT+0530 (IST): GET /=
Mon Jun 04 2018 16:21:36 GMT+0530 (IST): GET /
Mon Jun 04 2018 16:25:14 GMT+0530 (IST): GET /user/1
Mon Jun 04 2018 16:25:25 GMT+0530 (IST): GET /user/1
Mon Jun 04 2018 16:25:32 GMT+0530 (IST): GET /user/1
Mon Jun 04 2018 16:25:48 GMT+0530 (IST): GET /user/1
Mon Jun 04 2018 16:25:55 GMT+0530 (IST): GET /user/1
Mon Jun 04 2018 16:26:19 GMT+0530 (IST): GET /user/1
Mon Jun 04 2018 16:26:34 GMT+0530 (IST): GET /user/1
